This is pdfTeXk, Version 3.141592-1.40.3 (Web2C 7.5.6) (format=pdflatex 2015.11.14)  24 JAN 2019 00:21
entering extended mode
 %&-line parsing enabled.
**article1
(./article1.tex
LaTeX2e <2005/12/01>
Babel <v3.8h> and hyphenation patterns for english, usenglishmax, dumylang, noh
yphenation, arabic, basque, bulgarian, coptic, welsh, czech, slovak, german, ng
erman, danish, esperanto, spanish, catalan, galician, estonian, farsi, finnish,
 french, greek, monogreek, ancientgreek, croatian, hungarian, interlingua, ibyc
us, indonesian, icelandic, italian, latin, mongolian, dutch, norsk, polish, por
tuguese, pinyin, romanian, russian, slovenian, uppersorbian, serbian, swedish, 
turkish, ukenglish, ukrainian, loaded.
(/usr/share/texmf/tex/latex/aastex/V62/aastex62.cls
Document Class: aastex62 2017/10/16 Version 6.2/AAS markup document class
Class aastex Info: 
 
 Original \LaTeX2.09 style by Chris Biemesderfer (chris@seagoat.com). 
 Adapted to \LaTeXe by A. Ogawa (ogawa@teleport.com)
 emulateapj.cls included, Copyright 2000-2015 Alexey Vikhlinin 
 Rewrite and update of emulateapj.cls, revised and enhanced with table macros, 
gridlines, draft watermark,
 track changes, new `modern' style and much more, by Amy Hendrickson,
 (amyh@texnology.com, http://www.texnology.com) 
 
  on input line 105.
\bibbaselineskip=\skip41
(/usr/share/texmf/tex/latex/revtex/revtex4-1.cls
Document Class: revtex4-1 2010/07/25/20:33:00 4.1r (http://publish.aps.org/revt
ex4/ for documentation)
 Copyright (c) 2009 The American Physical Society.
 mailto:revtex@aps.org
 Licensed under the LPPL:
http://www.ctan.org/tex-archive/macros/latex/base/lppl.txt
 Arthur Ogawa <arthur_ogawa at sbcglobal dot net>
 Based on work by David Carlisle <david at dcarlisle.demon.co.uk>.
ltxutil[2010/07/25/20:33:00 4.1r utilities package (portions licensed from W. E
. Baxter web at superscript.com)]
LaTeX Info: Redefining \@centercr on input line 308.
Class revtex4-1 Info: Repairing broken LaTeX eqnarray on input line 358.
\eqncolsep=\skip42
Class revtex4-1 Info: Repairing hyperref-unfriendly LaTeX definition of \mpfoot
note on input line 433.
Class revtex4-1 Info: Repairing broken LateX \@sect on input line 755.
\intertabularlinepenalty=\count79
\@tbpen=\count80
\@arstrutbox@hline=\box26
Class revtex4-1 Info: Repairing broken LaTeX \@xbitor on input line 1786.
Class revtex4-1 Info: Making \typeout \long on input line 2046.
ltxfront[2010/07/25/20:33:00 4.1r frontmatter package (AO,DPC)]
\c@affil=\count81
\c@collab=\count82
\absbox=\box27
ltxgrid[2010/07/25/20:33:00 4.1r page grid package (portions licensed from W. E
. Baxter web at superscript.com)]
\c@linecount=\count83
\output@latex=\toks14
\box@size@1=\box28
\box@size@2=\box29
\@protection@box=\box30
\@topmark@saved=\toks15
\footins@saved=\box31
\footins@recovered=\box32
\column@recovered=\box33
\pagesofar=\box34
\footsofar=\box35
\pagegrid@col=\count84
Class revtex4-1 Info: Overriding \@vspace, \@vspacer, \@no@pgbk, \@newline, and
 \\  on input line 5578.
\c@part=\count85
\c@section=\count86
\c@subsection=\count87
\c@subsubsection=\count88
\c@paragraph=\count89
\c@subparagraph=\count90
\abovecaptionskip=\skip43
\belowcaptionskip=\skip44
\c@figure=\count91
\fbox@1=\box36
\c@table=\count92
\fbox@2=\box37
\c@video=\count93
\fbox@4=\box38
\@bibdataout=\write3
\widetext@top=\box39
\widetext@bot=\box40
Class revtex4-1 Info: Selecting society aps on input line 7542.
(/usr/share/texmf/tex/latex/revtex/aps4-1.rtx
File: aps4-1 2010/07/25/20:33:00 4.1r (http://publish.aps.org/revtex4/ for docu
mentation)
Class revtex4-1 Info: RevTeX society APS selected on input line 31.
)
Class revtex4-1 Info: Selecting journal pra on input line 7544.
Class revtex4-1 Info: APS journal PRA selected on input line 7545.

(/usr/share/texmf/tex/latex/revtex/aps10pt4-1.rtx
File: aps10pt4-1 2010/07/25/20:33:00 4.1r (http://publish.aps.org/revtex4/ for 
documentation)
Class revtex4-1 Info: RevTeX pointsize 10pt selected on input line 30.
)
(/usr/share/texmf/tex/latex/textcase/textcase.sty
Package: textcase 2004/10/07 v0.07 Text only upper/lower case changing (DPC)
)
(/usr/share/texmf/tex/latex/ltxmisc/url.sty
\Urlmuskip=\muskip10
Package: url 2005/06/27  ver 3.2  Verb mode for urls, etc.
)
(/usr/share/texmf/tex/latex/natbib/natbib.sty
Package: natbib 2007/02/05 8.0 (PWD)
\bibhang=\skip45
\bibsep=\skip46
LaTeX Info: Redefining \cite on input line 602.
\c@NAT@ctr=\count94
)

LaTeX Warning: You have requested, on input line 7549, version
               `2009/11/07 8.31a (PWD, AO)' of package natbib,
               but only version
               `2007/02/05 8.0 (PWD)'
               is available.

(/usr/share/texmf/tex/latex/revtex/revsymb4-1.sty
Package: revsymb4-1 2010/07/25/20:33:00 4.1r (http://publish.aps.org/revtex4/ f
or documentation)
LaTeX Info: Redefining \REV@mathfrak on input line 119.
))
(/usr/share/texmf/tex/latex/base/latexsym.sty
Package: latexsym 1998/08/17 v2.2e Standard LaTeX package (lasy symbols)
\symlasy=\mathgroup4
LaTeX Font Info:    Overwriting symbol font `lasy' in version `bold'
(Font)                  U/lasy/m/n --> U/lasy/b/n on input line 47.
)
(/usr/share/texmf/tex/latex/graphics/graphicx.sty
Package: graphicx 1999/02/16 v1.0f Enhanced LaTeX Graphics (DPC,SPQR)

(/usr/share/texmf/tex/latex/graphics/keyval.sty
Package: keyval 1999/03/16 v1.13 key=value parser (DPC)
\KV@toks@=\toks16
)
(/usr/share/texmf/tex/latex/graphics/graphics.sty
Package: graphics 2006/02/20 v1.0o Standard LaTeX Graphics (DPC,SPQR)

(/usr/share/texmf/tex/fontinst/base/trig.sty
Package: trig 1999/03/16 v1.09 sin cos tan (DPC)
)
(/usr/share/texmf/tex/latex/config/graphics.cfg
File: graphics.cfg 2007/01/18 v1.5 graphics configuration of teTeX/TeXLive
)
Package graphics Info: Driver file: pdftex.def on input line 90.

(/usr/share/texmf/tex/latex/pdftex-def/pdftex.def
File: pdftex.def 2007/01/08 v0.04d Graphics/color for pdfTeX
\Gread@gobject=\count95
))
\Gin@req@height=\dimen102
\Gin@req@width=\dimen103
)
(/usr/share/texmf/tex/latex/amsfonts/amssymb.sty
Package: amssymb 2002/01/22 v2.2d

(/usr/share/texmf/tex/latex/amsfonts/amsfonts.sty
Package: amsfonts 2001/10/25 v2.2f
\@emptytoks=\toks17
\symAMSa=\mathgroup5
\symAMSb=\mathgroup6
LaTeX Font Info:    Overwriting math alphabet `\mathfrak' in version `bold'
(Font)                  U/euf/m/n --> U/euf/b/n on input line 132.
LaTeX Info: Redefining \frak on input line 135.
LaTeX Info: Redefining \Bbb on input line 137.
))
(/usr/share/texmf/tex/generic/epsf/epsf.sty
This is `epsf.tex' v2.7.3 <23 July 2005>
\epsffilein=\read1
\epsfframemargin=\dimen104
\epsfframethickness=\dimen105
\epsfrsize=\dimen106
\epsftmp=\dimen107
\epsftsize=\dimen108
\epsfxsize=\dimen109
\epsfysize=\dimen110
\pspoints=\dimen111
)
\rptnum=\count96
\rptloopnum=\count97
\fncount=\count98
\endfncount=\count99
\c@front@matter@foot@note=\count100
\keys@width=\skip47
\c@lastfootnote=\count101
\c@remember@figure@num=\count102
\c@remember@table@num=\count103
\bibskip=\skip48
\bibindent=\dimen112
\plot@width=\skip49
\c@table@save=\count104
\@abovenoteskip=\dimen113
\table@note@skip=\skip50
\deluxe@table@width=\skip51
\@d@t@a=\skip52
\c@deluxe@table@num=\count105
\LTcapwidth=\dimen114
\abovedeluxetableskip=\skip53
\belowdeluxetableskip=\skip54
\lastrowheight=\dimen115
\DT@p@ftn=\toks18
\pt@column=\count106
\pt@ncol=\count107
 (/usr/share/texmf/tex/latex/tools/longtable.sty
Package: longtable 2004/02/01 v4.11 Multi-page Table package (DPC)
\LTleft=\skip55
\LTright=\skip56
\LTpre=\skip57
\LTpost=\skip58
\LTchunksize=\count108
\LTcapwidth=\dimen116
\LT@head=\box41
\LT@firsthead=\box42
\LT@foot=\box43
\LT@lastfoot=\box44
\LT@cols=\count109
\LT@rows=\count110
\c@LT@tables=\count111
\c@LT@chunks=\count112
\LT@p@ftn=\toks19
)
(/usr/share/texmf/tex/latex/xcolor/xcolor.sty
Package: xcolor 2007/01/21 v2.11 LaTeX color extensions (UK)

(/usr/share/texmf/tex/latex/config/color.cfg
File: color.cfg 2007/01/18 v1.5 color configuration of teTeX/TeXLive
)
Package xcolor Info: Driver file: pdftex.def on input line 225.
Package xcolor Info: Model `cmy' substituted by `cmy0' on input line 1337.
Package xcolor Info: Model `hsb' substituted by `rgb' on input line 1341.
Package xcolor Info: Model `RGB' extended on input line 1353.
Package xcolor Info: Model `HTML' substituted by `rgb' on input line 1355.
Package xcolor Info: Model `Hsb' substituted by `hsb' on input line 1356.
Package xcolor Info: Model `tHsb' substituted by `hsb' on input line 1357.
Package xcolor Info: Model `HSB' substituted by `hsb' on input line 1358.
Package xcolor Info: Model `Gray' substituted by `gray' on input line 1359.
Package xcolor Info: Model `wave' substituted by `hsb' on input line 1360.
)
(/usr/share/texmf/tex/latex/hyperref/hyperref.sty
Package: hyperref 2007/02/07 v6.75r Hypertext links for LaTeX
\@linkdim=\dimen117
\Hy@linkcounter=\count113
\Hy@pagecounter=\count114

(/usr/share/texmf/tex/latex/hyperref/pd1enc.def
File: pd1enc.def 2007/02/07 v6.75r Hyperref: PDFDocEncoding definition (HO)
)
(/usr/share/texmf/tex/latex/config/hyperref.cfg
File: hyperref.cfg 2002/06/06 v1.2 hyperref configuration of TeXLive
)
(/usr/share/texmf/tex/latex/oberdiek/kvoptions.sty
Package: kvoptions 2006/08/22 v2.4 Connects package keyval with LaTeX options (
HO)
)
Package hyperref Info: Option `bookmarks' set `false' on input line 2238.
Package hyperref Info: Option `pdfnewwindow' set `true' on input line 2238.
Package hyperref Info: Option `colorlinks' set `true' on input line 2238.
Package hyperref Info: Option `final' set `true' on input line 2238.
Package hyperref Info: Hyper figures OFF on input line 2288.
Package hyperref Info: Link nesting OFF on input line 2293.
Package hyperref Info: Hyper index ON on input line 2296.
Package hyperref Info: Plain pages OFF on input line 2303.
Package hyperref Info: Backreferencing OFF on input line 2308.

Implicit mode ON; LaTeX internals redefined
Package hyperref Info: Bookmarks OFF on input line 2450.
LaTeX Info: Redefining \href on input line 2586.
LaTeX Info: Redefining \url on input line 2599.
\Fld@menulength=\count115
\Field@Width=\dimen118
\Fld@charsize=\dimen119
\Choice@toks=\toks20
\Field@toks=\toks21
Package hyperref Info: Hyper figures OFF on input line 3102.
Package hyperref Info: Link nesting OFF on input line 3107.
Package hyperref Info: Hyper index ON on input line 3110.
Package hyperref Info: backreferencing OFF on input line 3117.
Package hyperref Info: Link coloring ON on input line 3120.
\Hy@abspage=\count116
\c@Item=\count117
\c@Hfootnote=\count118
)
*hyperref using default driver hpdftex*
(/usr/share/texmf/tex/latex/hyperref/hpdftex.def
File: hpdftex.def 2007/02/07 v6.75r Hyperref driver for pdfTeX
\Fld@listcount=\count119
)
(/usr/share/texmf/tex/latex/tools/array.sty
Package: array 2005/08/23 v2.4b Tabular extension package (FMi)
\col@sep=\dimen120
\extrarowheight=\dimen121
\NC@list=\toks22
\extratabsurround=\skip59
\backup@length=\skip60
)
\colcount=\count120
\firstcolcount=\count121
\secondcolcount=\count122
\thirdcolcount=\count123
\columncount=\count124
\howmanyDs=\count125
\firsthowmanyDs=\count126
\secondhowmanyDs=\count127
\PartsOfTable=\count128
\columnoneandtwo=\count129
\colnumsused=\count130
\loopnum=\count131
\totalcolumncount=\count132
\totalcolumns=\count133
\firsttablebox=\box45
\secondtablebox=\box46
\thirdtablebox=\box47
\longtablebox=\box48
\splitbox=\box49
\movetabledown=\dimen122
\maxtablewidth=\dimen123
\savetabskip=\dimen124
\tempcounter=\count134
\colheadcount=\count135
\rotatetablebox=\box50
\colorcount=\count136
\refchangenumber=\count137
\listchangenum=\count138

(/usr/share/texmf/tex/latex/ltxmisc/ulem.sty
\UL@box=\box51
\UL@hyphenbox=\box52
\UL@skip=\skip61
\UL@hook=\toks23
\UL@pe=\count139
\UL@pixel=\dimen125
\ULC@box=\box53
Package: ulem 2000/05/26
\ULdepth=\dimen126
)
\AuthorCollaborationLimit=\count140
\largestAffilNum=\count141
\countauthors=\count142
\c@affilcount=\count143
\widetext@top=\box54
\widetext@bot=\box55
)
(/usr/share/texmf/tex/latex/ltxmisc/printlen.sty
Package: printlen 2001/12/09 v1.1 print lengths with units
)
(/usr/share/texmf/tex/latex/enumitem/enumitem.sty
Package: enumitem 2005/05/12 v1.1 Customized lists
\labelindent=\skip62
\enit@outerparindent=\dimen127
)
(/usr/share/texmf/tex/latex/amsmath/amsmath.sty
Package: amsmath 2000/07/18 v2.13 AMS math features
\@mathmargin=\skip63

For additional information on amsmath, use the `?' option.
(/usr/share/texmf/tex/latex/amsmath/amstext.sty
Package: amstext 2000/06/29 v2.01

(/usr/share/texmf/tex/latex/amsmath/amsgen.sty
File: amsgen.sty 1999/11/30 v2.0
\@emptytoks=\toks24
\ex@=\dimen128
)
LaTeX Info: Redefining \text on input line 53.
)
(/usr/share/texmf/tex/latex/amsmath/amsbsy.sty
Package: amsbsy 1999/11/29 v1.2d
\pmbraise@=\dimen129
)
(/usr/share/texmf/tex/latex/amsmath/amsopn.sty
Package: amsopn 1999/12/14 v2.01 operator names
)
\inf@bad=\count144
LaTeX Info: Redefining \frac on input line 211.
\uproot@=\count145
\leftroot@=\count146
LaTeX Info: Redefining \overline on input line 307.
\classnum@=\count147
\DOTSCASE@=\count148
LaTeX Info: Redefining \ldots on input line 379.
LaTeX Info: Redefining \dots on input line 382.
LaTeX Info: Redefining \cdots on input line 467.
\Mathstrutbox@=\box56
\strutbox@=\box57
\big@size=\dimen130
LaTeX Font Info:    Redeclaring font encoding OML on input line 567.
LaTeX Font Info:    Redeclaring font encoding OMS on input line 568.
\macc@depth=\count149
\c@MaxMatrixCols=\count150
\dotsspace@=\muskip11
\c@parentequation=\count151
\dspbrk@lvl=\count152
\tag@help=\toks25
\row@=\count153
\column@=\count154
\maxfields@=\count155
\andhelp@=\toks26
\eqnshift@=\dimen131
\alignsep@=\dimen132
\tagshift@=\dimen133
\tagwidth@=\dimen134
\totwidth@=\dimen135
\lineht@=\dimen136
\@envbody=\toks27
\multlinegap=\skip64
\multlinetaggap=\skip65
\mathdisplay@stack=\toks28
LaTeX Info: Redefining \[ on input line 2666.
LaTeX Info: Redefining \] on input line 2667.
)
(/usr/share/texmf/tex/latex/soul/soul.sty
Package: soul 2003/11/17 v2.4 letterspacing/underlining (mf)
\SOUL@word=\toks29
\SOUL@lasttoken=\toks30
\SOUL@cmds=\toks31
\SOUL@buffer=\toks32
\SOUL@token=\toks33
\SOUL@spaceskip=\skip66
\SOUL@ttwidth=\dimen137
\SOUL@uldp=\dimen138
\SOUL@ulht=\dimen139
)
Package hyperref Info: Option `colorlinks' set `true' on input line 68.
Class revtex4-1 Info: Unrecognized array package. Please update this document c
lass! (Proceeding with fingers crossed.) on input line 71.
Class revtex4-1 Info: Repairing hyperref 6.75r \href on input line 71.
Class revtex4-1 Info: Patching unrecognized longtable package. (Proceeding with
 fingers crossed) on input line 71.
Class revtex4-1 Info: Robustifying \LaTeX's \boldmath command on input line 71.

Class revtex4-1 Info: cite was not loaded (OK!) on input line 71.
Class revtex4-1 Info: mcite was not loaded (OK!) on input line 71.
Class revtex4-1 Info: multicol was not loaded (OK!) on input line 71.
 (./article1.aux)
\openout1 = `article1.aux'.

LaTeX Font Info:    Checking defaults for OML/cmm/m/it on input line 71.
LaTeX Font Info:    ... okay on input line 71.
LaTeX Font Info:    Checking defaults for T1/cmr/m/n on input line 71.
LaTeX Font Info:    ... okay on input line 71.
LaTeX Font Info:    Checking defaults for OT1/cmr/m/n on input line 71.
LaTeX Font Info:    ... okay on input line 71.
LaTeX Font Info:    Checking defaults for OMS/cmsy/m/n on input line 71.
LaTeX Font Info:    ... okay on input line 71.
LaTeX Font Info:    Checking defaults for OMX/cmex/m/n on input line 71.
LaTeX Font Info:    ... okay on input line 71.
LaTeX Font Info:    Checking defaults for U/cmr/m/n on input line 71.
LaTeX Font Info:    ... okay on input line 71.
LaTeX Font Info:    Checking defaults for PD1/pdf/m/n on input line 71.
LaTeX Font Info:    ... okay on input line 71.
Package hyperref Info: Link coloring ON on input line 71.

(/usr/share/texmf/tex/latex/hyperref/nameref.sty
Package: nameref 2006/12/27 v2.28 Cross-referencing by name of section

(/usr/share/texmf/tex/latex/oberdiek/refcount.sty
Package: refcount 2006/02/20 v3.0 Data extraction from references (HO)
)
\c@section@level=\count156
)
LaTeX Info: Redefining \ref on input line 71.
LaTeX Info: Redefining \pageref on input line 71.
 (./abstract.tex)
LaTeX Font Info:    Try loading font information for U+lasy on input line 102.

(/usr/share/texmf/tex/latex/base/ulasy.fd
File: ulasy.fd 1998/08/17 v2.2e LaTeX symbol font definitions
)
LaTeX Font Info:    Try loading font information for U+msa on input line 102.

(/usr/share/texmf/tex/latex/amsfonts/umsa.fd
File: umsa.fd 2002/01/19 v2.2g AMS font definitions
)
LaTeX Font Info:    Try loading font information for U+msb on input line 102.

(/usr/share/texmf/tex/latex/amsfonts/umsb.fd
File: umsb.fd 2002/01/19 v2.2g AMS font definitions
) (./title.tex) (./title.tex)
(./introduction.tex [1{/var/lib/texmf/fonts/map/pdftex/updmap/pdftex.map}]
LaTeX Font Info:    Try loading font information for OMS+cmr on input line 131.


(/usr/share/texmf/tex/latex/base/omscmr.fd
File: omscmr.fd 1999/05/25 v2.5h Standard LaTeX font definitions
)
LaTeX Font Info:    Font shape `OMS/cmr/m/n' in size <10> not available
(Font)              Font shape `OMS/cmsy/m/n' tried instead on input line 131.
) [2] (./data.tex
<$HOME/Dropbox/Figures/lc.pdf, id=97, 578.16pt x 216.81pt>
File: $HOME/Dropbox/Figures/lc.pdf Graphic file (type pdf)

<use $HOME/Dropbox/Figures/lc.pdf>
<$HOME/Dropbox/Figures/lc_goes.pdf, id=98, 578.16pt x 252.945pt>
File: $HOME/Dropbox/Figures/lc_goes.pdf Graphic file (type pdf)

<use $HOME/Dropbox/Figures/lc_goes.pdf>
<$HOME/Dropbox/Figures/images.pdf, id=100, 578.16pt x 361.35pt>
File: $HOME/Dropbox/Figures/images.pdf Graphic file (type pdf)

<use $HOME/Dropbox/Figures/images.pdf>) [3] [4 </home/users/laurel07/Dropbox/Fi
gures/lc.pdf> </home/users/laurel07/Dropbox/Figures/lc_goes.pdf>]

LaTeX Warning: A float is stuck (cannot be placed) on input line 110.


Class revtex4-1 Warning: Deferred float stuck during \clearpage processing.

[5 </home/users/laurel07/Dropbox/Figures/images.pdf>] (./analysis.tex) [6]
(./results.tex [7] [8]
<$HOME/Dropbox/Figures/aia1600big_image.pdf, id=209, 289.08pt x 224.33812pt>
File: $HOME/Dropbox/Figures/aia1600big_image.pdf Graphic file (type pdf)

<use $HOME/Dropbox/Figures/aia1600big_image.pdf>
<$HOME/Dropbox/Figures/aia1700big_image.pdf, id=210, 289.08pt x 224.33812pt>
File: $HOME/Dropbox/Figures/aia1700big_image.pdf Graphic file (type pdf)

<use $HOME/Dropbox/Figures/aia1700big_image.pdf>
<$HOME/Dropbox/Figures/aia1600big_map.pdf, id=211, 289.08pt x 224.33812pt>
File: $HOME/Dropbox/Figures/aia1600big_map.pdf Graphic file (type pdf)

<use $HOME/Dropbox/Figures/aia1600big_map.pdf>
<$HOME/Dropbox/Figures/aia1700big_map.pdf, id=212, 289.08pt x 224.33812pt>
File: $HOME/Dropbox/Figures/aia1700big_map.pdf Graphic file (type pdf)

<use $HOME/Dropbox/Figures/aia1700big_map.pdf>
<$HOME/Dropbox/Figures/Temp/aia1600before_20181204.pdf, id=213, 578.16pt x 356.
0803pt>
File: $HOME/Dropbox/Figures/Temp/aia1600before_20181204.pdf Graphic file (type 
pdf)
 <use $HOME/Dropbox/Figures/Temp/aia1600before_20181204.pdf>
<$HOME/Dropbox/Figures/Temp/aia1700before_20181204.pdf, id=214, 578.16pt x 356.
0803pt>
File: $HOME/Dropbox/Figures/Temp/aia1700before_20181204.pdf Graphic file (type 
pdf)
 <use $HOME/Dropbox/Figures/Temp/aia1700before_20181204.pdf>
<$HOME/Dropbox/Figures/Temp/aia1600during_20181204.pdf, id=215, 578.16pt x 356.
0803pt>
File: $HOME/Dropbox/Figures/Temp/aia1600during_20181204.pdf Graphic file (type 
pdf)
 <use $HOME/Dropbox/Figures/Temp/aia1600during_20181204.pdf>
<$HOME/Dropbox/Figures/Temp/aia1700during_20181204.pdf, id=216, 578.16pt x 356.
0803pt>
File: $HOME/Dropbox/Figures/Temp/aia1700during_20181204.pdf Graphic file (type 
pdf)
 <use $HOME/Dropbox/Figures/Temp/aia1700during_20181204.pdf>
<$HOME/Dropbox/Figures/Temp/aia1600after_20181204.pdf, id=217, 578.16pt x 356.0
803pt>
File: $HOME/Dropbox/Figures/Temp/aia1600after_20181204.pdf Graphic file (type p
df)
 <use $HOME/Dropbox/Figures/Temp/aia1600after_20181204.pdf>
<$HOME/Dropbox/Figures/Temp/aia1700after_20181204.pdf, id=218, 578.16pt x 356.0
803pt>
File: $HOME/Dropbox/Figures/Temp/aia1700after_20181204.pdf Graphic file (type p
df)
 <use $HOME/Dropbox/Figures/Temp/aia1700after_20181204.pdf>
<$HOME/Dropbox/Figures/time-3minpower_flux.pdf, id=219, 578.16pt x 216.81pt>
File: $HOME/Dropbox/Figures/time-3minpower_flux.pdf Graphic file (type pdf)

<use $HOME/Dropbox/Figures/time-3minpower_flux.pdf>
<$HOME/Dropbox/Figures/time-3minpower_maps.pdf, id=220, 578.16pt x 216.81pt>
File: $HOME/Dropbox/Figures/time-3minpower_maps.pdf Graphic file (type pdf)

<use $HOME/Dropbox/Figures/time-3minpower_maps.pdf>
<$HOME/Dropbox/Figures/wa.pdf, id=221, 542.025pt x 650.43pt>
File: $HOME/Dropbox/Figures/wa.pdf Graphic file (type pdf)

<use $HOME/Dropbox/Figures/wa.pdf>) [9] [10 </home/users/laurel07/Dropbox/Figur
es/aia1600big_image.pdf> </home/users/laurel07/Dropbox/Figures/aia1700big_image
.pdf> </home/users/laurel07/Dropbox/Figures/aia1600big_map.pdf> </home/users/la
urel07/Dropbox/Figures/aia1700big_map.pdf>]

LaTeX Warning: A float is stuck (cannot be placed) on input line 118.


Class revtex4-1 Warning: Deferred float stuck during \clearpage processing.

[11 </home/users/laurel07/Dropbox/Figures/Temp/aia1600before_20181204.pdf> </ho
me/users/laurel07/Dropbox/Figures/Temp/aia1700before_20181204.pdf>]

LaTeX Warning: A float is stuck (cannot be placed) on input line 118.


Class revtex4-1 Warning: Deferred float stuck during \clearpage processing.

[12 </home/users/laurel07/Dropbox/Figures/Temp/aia1600during_20181204.pdf> </ho
me/users/laurel07/Dropbox/Figures/Temp/aia1700during_20181204.pdf>]

LaTeX Warning: A float is stuck (cannot be placed) on input line 118.


Class revtex4-1 Warning: Deferred float stuck during \clearpage processing.

[13 </home/users/laurel07/Dropbox/Figures/Temp/aia1600after_20181204.pdf> </hom
e/users/laurel07/Dropbox/Figures/Temp/aia1700after_20181204.pdf>]

LaTeX Warning: A float is stuck (cannot be placed) on input line 118.


Class revtex4-1 Warning: Deferred float stuck during \clearpage processing.

[14 </home/users/laurel07/Dropbox/Figures/time-3minpower_flux.pdf> </home/users
/laurel07/Dropbox/Figures/time-3minpower_maps.pdf>]

LaTeX Warning: A float is stuck (cannot be placed) on input line 118.


Class revtex4-1 Warning: Deferred float stuck during \clearpage processing.

[15 </home/users/laurel07/Dropbox/Figures/wa.pdf>] (./discussion.tex

LaTeX Font Warning: Font shape `OT1/cmss/m/it' in size <9> not available
(Font)              Font shape `OT1/cmss/m/sl' tried instead on input line 20.

) [16] (./conclusions.tex) (./article1.bbl [17]) [18] (./article1.aux) ) 
Here is how much of TeX's memory you used:
 7152 strings out of 256214
 93428 string characters out of 1916999
 220308 words of memory out of 1500000
 10223 multiletter control sequences out of 10000+200000
 15385 words of font info for 60 fonts, out of 1200000 for 2000
 645 hyphenation exceptions out of 8191
 32i,6n,37p,1049b,375s stack positions out of 5000i,500n,6000p,200000b,15000s
</usr/s
hare/texmf/fonts/type1/bluesky/cm/cmbx8.pfb></usr/share/texmf/fonts/type1/blues
ky/cm/cmbx9.pfb></usr/share/texmf/fonts/type1/bluesky/cm/cmcsc10.pfb></usr/shar
e/texmf/fonts/type1/bluesky/cm/cmmi10.pfb></usr/share/texmf/fonts/type1/bluesky
/cm/cmmi5.pfb></usr/share/texmf/fonts/type1/bluesky/cm/cmmi6.pfb></usr/share/te
xmf/fonts/type1/bluesky/cm/cmmi7.pfb></usr/share/texmf/fonts/type1/bluesky/cm/c
mmi9.pfb></usr/share/texmf/fonts/type1/bluesky/cm/cmr10.pfb></usr/share/texmf/f
onts/type1/bluesky/cm/cmr6.pfb></usr/share/texmf/fonts/type1/bluesky/cm/cmr7.pf
b></usr/share/texmf/fonts/type1/bluesky/cm/cmr8.pfb></usr/share/texmf/fonts/typ
e1/bluesky/cm/cmr9.pfb></usr/share/texmf/fonts/type1/bluesky/cm/cmss9.pfb></usr
/share/texmf/fonts/type1/bluesky/cm/cmssi9.pfb></usr/share/texmf/fonts/type1/bl
uesky/cm/cmsy10.pfb></usr/share/texmf/fonts/type1/bluesky/cm/cmsy7.pfb></usr/sh
are/texmf/fonts/type1/bluesky/cm/cmsy9.pfb></usr/share/texmf/fonts/type1/bluesk
y/cm/cmti10.pfb></usr/share/texmf/fonts/type1/bluesky/cm/cmti8.pfb></usr/share/
texmf/fonts/type1/bluesky/cm/cmti9.pfb>
Output written on article1.pdf (18 pages, 14077734 bytes).
PDF statistics:
 564 PDF objects out of 1000 (max. 8388607)
 71 named destinations out of 1000 (max. 131072)
 97 words of extra memory for PDF output out of 10000 (max. 10000000)

