This is pdfTeXk, Version 3.141592-1.40.3 (Web2C 7.5.6) (format=pdflatex 2015.11.14)  25 FEB 2019 05:14
entering extended mode
 %&-line parsing enabled.
**Dissertation
(./Dissertation.tex
LaTeX2e <2005/12/01>
Babel <v3.8h> and hyphenation patterns for english, usenglishmax, dumylang, noh
yphenation, arabic, basque, bulgarian, coptic, welsh, czech, slovak, german, ng
erman, danish, esperanto, spanish, catalan, galician, estonian, farsi, finnish,
 french, greek, monogreek, ancientgreek, croatian, hungarian, interlingua, ibyc
us, indonesian, icelandic, italian, latin, mongolian, dutch, norsk, polish, por
tuguese, pinyin, romanian, russian, slovenian, uppersorbian, serbian, swedish, 
turkish, ukenglish, ukrainian, loaded.
(/usr/share/texmf/tex/latex/aastex/V62/aastex62.cls
Document Class: aastex62 2017/10/16 Version 6.2/AAS markup document class
Class aastex Info: 
 
 Original \LaTeX2.09 style by Chris Biemesderfer (chris@seagoat.com). 
 Adapted to \LaTeXe by A. Ogawa (ogawa@teleport.com)
 emulateapj.cls included, Copyright 2000-2015 Alexey Vikhlinin 
 Rewrite and update of emulateapj.cls, revised and enhanced with table macros, 
gridlines, draft watermark,
 track changes, new `modern' style and much more, by Amy Hendrickson,
 (amyh@texnology.com, http://www.texnology.com) 
 
  on input line 105.
\bibbaselineskip=\skip41
(/usr/share/texmf/tex/latex/revtex/revtex4-1.cls
Document Class: revtex4-1 2010/07/25/20:33:00 4.1r (http://publish.aps.org/revt
ex4/ for documentation)
 Copyright (c) 2009 The American Physical Society.
 mailto:revtex@aps.org
 Licensed under the LPPL:
http://www.ctan.org/tex-archive/macros/latex/base/lppl.txt
 Arthur Ogawa <arthur_ogawa at sbcglobal dot net>
 Based on work by David Carlisle <david at dcarlisle.demon.co.uk>.
ltxutil[2010/07/25/20:33:00 4.1r utilities package (portions licensed from W. E
. Baxter web at superscript.com)]
LaTeX Info: Redefining \@centercr on input line 308.
Class revtex4-1 Info: Repairing broken LaTeX eqnarray on input line 358.
\eqncolsep=\skip42
Class revtex4-1 Info: Repairing hyperref-unfriendly LaTeX definition of \mpfoot
note on input line 433.
Class revtex4-1 Info: Repairing broken LateX \@sect on input line 755.
\intertabularlinepenalty=\count79
\@tbpen=\count80
\@arstrutbox@hline=\box26
Class revtex4-1 Info: Repairing broken LaTeX \@xbitor on input line 1786.
Class revtex4-1 Info: Making \typeout \long on input line 2046.
ltxfront[2010/07/25/20:33:00 4.1r frontmatter package (AO,DPC)]
\c@affil=\count81
\c@collab=\count82
\absbox=\box27
ltxgrid[2010/07/25/20:33:00 4.1r page grid package (portions licensed from W. E
. Baxter web at superscript.com)]
\c@linecount=\count83
\output@latex=\toks14
\box@size@1=\box28
\box@size@2=\box29
\@protection@box=\box30
\@topmark@saved=\toks15
\footins@saved=\box31
\footins@recovered=\box32
\column@recovered=\box33
\pagesofar=\box34
\footsofar=\box35
\pagegrid@col=\count84
Class revtex4-1 Info: Overriding \@vspace, \@vspacer, \@no@pgbk, \@newline, and
 \\  on input line 5578.
\c@part=\count85
\c@section=\count86
\c@subsection=\count87
\c@subsubsection=\count88
\c@paragraph=\count89
\c@subparagraph=\count90
\abovecaptionskip=\skip43
\belowcaptionskip=\skip44
\c@figure=\count91
\fbox@1=\box36
\c@table=\count92
\fbox@2=\box37
\c@video=\count93
\fbox@4=\box38
\@bibdataout=\write3
\widetext@top=\box39
\widetext@bot=\box40
Class revtex4-1 Info: Selecting society aps on input line 7542.
(/usr/share/texmf/tex/latex/revtex/aps4-1.rtx
File: aps4-1 2010/07/25/20:33:00 4.1r (http://publish.aps.org/revtex4/ for docu
mentation)
Class revtex4-1 Info: RevTeX society APS selected on input line 31.
)
Class revtex4-1 Info: Selecting journal pra on input line 7544.
Class revtex4-1 Info: APS journal PRA selected on input line 7545.

(/usr/share/texmf/tex/latex/revtex/aps12pt4-1.rtx
File: aps12pt4-1 2010/07/25/20:33:00 4.1r (http://publish.aps.org/revtex4/ for 
documentation)
Class revtex4-1 Info: RevTeX pointsize 12pt selected on input line 30.
)
(/usr/share/texmf/tex/latex/textcase/textcase.sty
Package: textcase 2004/10/07 v0.07 Text only upper/lower case changing (DPC)
)
(/usr/share/texmf/tex/latex/ltxmisc/url.sty
\Urlmuskip=\muskip10
Package: url 2005/06/27  ver 3.2  Verb mode for urls, etc.
)
(/usr/share/texmf/tex/latex/natbib/natbib.sty
Package: natbib 2007/02/05 8.0 (PWD)
\bibhang=\skip45
\bibsep=\skip46
LaTeX Info: Redefining \cite on input line 602.
\c@NAT@ctr=\count94
)

LaTeX Warning: You have requested, on input line 7549, version
               `2009/11/07 8.31a (PWD, AO)' of package natbib,
               but only version
               `2007/02/05 8.0 (PWD)'
               is available.

(/usr/share/texmf/tex/latex/revtex/revsymb4-1.sty
Package: revsymb4-1 2010/07/25/20:33:00 4.1r (http://publish.aps.org/revtex4/ f
or documentation)
LaTeX Info: Redefining \REV@mathfrak on input line 119.
))
(/usr/share/texmf/tex/latex/base/latexsym.sty
Package: latexsym 1998/08/17 v2.2e Standard LaTeX package (lasy symbols)
\symlasy=\mathgroup4
LaTeX Font Info:    Overwriting symbol font `lasy' in version `bold'
(Font)                  U/lasy/m/n --> U/lasy/b/n on input line 47.
)
(/usr/share/texmf/tex/latex/graphics/graphicx.sty
Package: graphicx 1999/02/16 v1.0f Enhanced LaTeX Graphics (DPC,SPQR)

(/usr/share/texmf/tex/latex/graphics/keyval.sty
Package: keyval 1999/03/16 v1.13 key=value parser (DPC)
\KV@toks@=\toks16
)
(/usr/share/texmf/tex/latex/graphics/graphics.sty
Package: graphics 2006/02/20 v1.0o Standard LaTeX Graphics (DPC,SPQR)

(/usr/share/texmf/tex/fontinst/base/trig.sty
Package: trig 1999/03/16 v1.09 sin cos tan (DPC)
)
(/usr/share/texmf/tex/latex/config/graphics.cfg
File: graphics.cfg 2007/01/18 v1.5 graphics configuration of teTeX/TeXLive
)
Package graphics Info: Driver file: pdftex.def on input line 90.

(/usr/share/texmf/tex/latex/pdftex-def/pdftex.def
File: pdftex.def 2007/01/08 v0.04d Graphics/color for pdfTeX
\Gread@gobject=\count95
))
\Gin@req@height=\dimen102
\Gin@req@width=\dimen103
)
(/usr/share/texmf/tex/latex/amsfonts/amssymb.sty
Package: amssymb 2002/01/22 v2.2d

(/usr/share/texmf/tex/latex/amsfonts/amsfonts.sty
Package: amsfonts 2001/10/25 v2.2f
\@emptytoks=\toks17
\symAMSa=\mathgroup5
\symAMSb=\mathgroup6
LaTeX Font Info:    Overwriting math alphabet `\mathfrak' in version `bold'
(Font)                  U/euf/m/n --> U/euf/b/n on input line 132.
LaTeX Info: Redefining \frak on input line 135.
LaTeX Info: Redefining \Bbb on input line 137.
))
(/usr/share/texmf/tex/generic/epsf/epsf.sty
This is `epsf.tex' v2.7.3 <23 July 2005>
\epsffilein=\read1
\epsfframemargin=\dimen104
\epsfframethickness=\dimen105
\epsfrsize=\dimen106
\epsftmp=\dimen107
\epsftsize=\dimen108
\epsfxsize=\dimen109
\epsfysize=\dimen110
\pspoints=\dimen111
)
\rptnum=\count96
\rptloopnum=\count97
\fncount=\count98
\endfncount=\count99
\c@front@matter@foot@note=\count100
\keys@width=\skip47
\c@lastfootnote=\count101
\c@remember@figure@num=\count102
\c@remember@table@num=\count103
\bibskip=\skip48
\bibindent=\dimen112
\plot@width=\skip49
\c@table@save=\count104
\@abovenoteskip=\dimen113
\table@note@skip=\skip50
\deluxe@table@width=\skip51
\@d@t@a=\skip52
\c@deluxe@table@num=\count105
\LTcapwidth=\dimen114
\abovedeluxetableskip=\skip53
\belowdeluxetableskip=\skip54
\lastrowheight=\dimen115
\DT@p@ftn=\toks18
\pt@column=\count106
\pt@ncol=\count107
 (/usr/share/texmf/tex/latex/tools/longtable.sty
Package: longtable 2004/02/01 v4.11 Multi-page Table package (DPC)
\LTleft=\skip55
\LTright=\skip56
\LTpre=\skip57
\LTpost=\skip58
\LTchunksize=\count108
\LTcapwidth=\dimen116
\LT@head=\box41
\LT@firsthead=\box42
\LT@foot=\box43
\LT@lastfoot=\box44
\LT@cols=\count109
\LT@rows=\count110
\c@LT@tables=\count111
\c@LT@chunks=\count112
\LT@p@ftn=\toks19
)
(/usr/share/texmf/tex/latex/xcolor/xcolor.sty
Package: xcolor 2007/01/21 v2.11 LaTeX color extensions (UK)

(/usr/share/texmf/tex/latex/config/color.cfg
File: color.cfg 2007/01/18 v1.5 color configuration of teTeX/TeXLive
)
Package xcolor Info: Driver file: pdftex.def on input line 225.
Package xcolor Info: Model `cmy' substituted by `cmy0' on input line 1337.
Package xcolor Info: Model `hsb' substituted by `rgb' on input line 1341.
Package xcolor Info: Model `RGB' extended on input line 1353.
Package xcolor Info: Model `HTML' substituted by `rgb' on input line 1355.
Package xcolor Info: Model `Hsb' substituted by `hsb' on input line 1356.
Package xcolor Info: Model `tHsb' substituted by `hsb' on input line 1357.
Package xcolor Info: Model `HSB' substituted by `hsb' on input line 1358.
Package xcolor Info: Model `Gray' substituted by `gray' on input line 1359.
Package xcolor Info: Model `wave' substituted by `hsb' on input line 1360.
)
(/usr/share/texmf/tex/latex/hyperref/hyperref.sty
Package: hyperref 2007/02/07 v6.75r Hypertext links for LaTeX
\@linkdim=\dimen117
\Hy@linkcounter=\count113
\Hy@pagecounter=\count114

(/usr/share/texmf/tex/latex/hyperref/pd1enc.def
File: pd1enc.def 2007/02/07 v6.75r Hyperref: PDFDocEncoding definition (HO)
)
(/usr/share/texmf/tex/latex/config/hyperref.cfg
File: hyperref.cfg 2002/06/06 v1.2 hyperref configuration of TeXLive
)
(/usr/share/texmf/tex/latex/oberdiek/kvoptions.sty
Package: kvoptions 2006/08/22 v2.4 Connects package keyval with LaTeX options (
HO)
)
Package hyperref Info: Option `bookmarks' set `false' on input line 2238.
Package hyperref Info: Option `pdfnewwindow' set `true' on input line 2238.
Package hyperref Info: Option `colorlinks' set `true' on input line 2238.
Package hyperref Info: Option `final' set `true' on input line 2238.
Package hyperref Info: Hyper figures OFF on input line 2288.
Package hyperref Info: Link nesting OFF on input line 2293.
Package hyperref Info: Hyper index ON on input line 2296.
Package hyperref Info: Plain pages OFF on input line 2303.
Package hyperref Info: Backreferencing OFF on input line 2308.

Implicit mode ON; LaTeX internals redefined
Package hyperref Info: Bookmarks OFF on input line 2450.
LaTeX Info: Redefining \href on input line 2586.
LaTeX Info: Redefining \url on input line 2599.
\Fld@menulength=\count115
\Field@Width=\dimen118
\Fld@charsize=\dimen119
\Choice@toks=\toks20
\Field@toks=\toks21
Package hyperref Info: Hyper figures OFF on input line 3102.
Package hyperref Info: Link nesting OFF on input line 3107.
Package hyperref Info: Hyper index ON on input line 3110.
Package hyperref Info: backreferencing OFF on input line 3117.
Package hyperref Info: Link coloring ON on input line 3120.
\Hy@abspage=\count116
\c@Item=\count117
\c@Hfootnote=\count118
)
*hyperref using default driver hpdftex*
(/usr/share/texmf/tex/latex/hyperref/hpdftex.def
File: hpdftex.def 2007/02/07 v6.75r Hyperref driver for pdfTeX
\Fld@listcount=\count119
)
(/usr/share/texmf/tex/latex/tools/array.sty
Package: array 2005/08/23 v2.4b Tabular extension package (FMi)
\col@sep=\dimen120
\extrarowheight=\dimen121
\NC@list=\toks22
\extratabsurround=\skip59
\backup@length=\skip60
)
\colcount=\count120
\firstcolcount=\count121
\secondcolcount=\count122
\thirdcolcount=\count123
\columncount=\count124
\howmanyDs=\count125
\firsthowmanyDs=\count126
\secondhowmanyDs=\count127
\PartsOfTable=\count128
\columnoneandtwo=\count129
\colnumsused=\count130
\loopnum=\count131
\totalcolumncount=\count132
\totalcolumns=\count133
\firsttablebox=\box45
\secondtablebox=\box46
\thirdtablebox=\box47
\longtablebox=\box48
\splitbox=\box49
\movetabledown=\dimen122
\maxtablewidth=\dimen123
\savetabskip=\dimen124
\tempcounter=\count134
\colheadcount=\count135
\rotatetablebox=\box50
\colorcount=\count136
\refchangenumber=\count137
\listchangenum=\count138

(/usr/share/texmf/tex/latex/ltxmisc/ulem.sty
\UL@box=\box51
\UL@hyphenbox=\box52
\UL@skip=\skip61
\UL@hook=\toks23
\UL@pe=\count139
\UL@pixel=\dimen125
\ULC@box=\box53
Package: ulem 2000/05/26
\ULdepth=\dimen126
)
\AuthorCollaborationLimit=\count140
\largestAffilNum=\count141
\countauthors=\count142
\c@affilcount=\count143
\widetext@top=\box54
\widetext@bot=\box55
)
(/usr/share/texmf/tex/latex/base/fontenc.sty
Package: fontenc 2005/09/27 v1.99g Standard LaTeX package

(/usr/share/texmf/tex/latex/base/t1enc.def
File: t1enc.def 2005/09/27 v1.99g Standard LaTeX file
LaTeX Font Info:    Redeclaring font encoding T1 on input line 43.
))
(/usr/share/texmf/tex/latex/ltxmisc/framed.sty
Package: framed 2003/07/21 v 0.8a: framed or shaded text with page breaks
\FrameRule=\dimen127
\FrameSep=\dimen128
)
(/usr/share/texmf/tex/latex/ragged2e/ragged2e.sty
Package: ragged2e 2003/03/25 v2.04 ragged2e Package (MS)

(/usr/share/texmf/tex/latex/everysel/everysel.sty
Package: everysel 1999/06/08 v1.03 EverySelectfont Package (MS)
)
\CenteringLeftskip=\skip62
\RaggedLeftLeftskip=\skip63
\RaggedRightLeftskip=\skip64
\CenteringRightskip=\skip65
\RaggedLeftRightskip=\skip66
\RaggedRightRightskip=\skip67
\CenteringParfillskip=\skip68
\RaggedLeftParfillskip=\skip69
\RaggedRightParfillskip=\skip70
\JustifyingParfillskip=\skip71
\CenteringParindent=\skip72
\RaggedLeftParindent=\skip73
\RaggedRightParindent=\skip74
\JustifyingParindent=\skip75
)
(/usr/share/texmf/tex/latex/tools/afterpage.sty
Package: afterpage 1995/10/27 v1.08 After-Page Package (DPC)
\AP@output=\toks24
\AP@partial=\box56
\AP@footins=\box57
)
(/usr/share/texmf/tex/latex/amsmath/amsmath.sty
Package: amsmath 2000/07/18 v2.13 AMS math features
\@mathmargin=\skip76

For additional information on amsmath, use the `?' option.
(/usr/share/texmf/tex/latex/amsmath/amstext.sty
Package: amstext 2000/06/29 v2.01

(/usr/share/texmf/tex/latex/amsmath/amsgen.sty
File: amsgen.sty 1999/11/30 v2.0
\@emptytoks=\toks25
\ex@=\dimen129
)
LaTeX Info: Redefining \text on input line 53.
)
(/usr/share/texmf/tex/latex/amsmath/amsbsy.sty
Package: amsbsy 1999/11/29 v1.2d
\pmbraise@=\dimen130
)
(/usr/share/texmf/tex/latex/amsmath/amsopn.sty
Package: amsopn 1999/12/14 v2.01 operator names
)
\inf@bad=\count144
LaTeX Info: Redefining \frac on input line 211.
\uproot@=\count145
\leftroot@=\count146
LaTeX Info: Redefining \overline on input line 307.
\classnum@=\count147
\DOTSCASE@=\count148
LaTeX Info: Redefining \ldots on input line 379.
LaTeX Info: Redefining \dots on input line 382.
LaTeX Info: Redefining \cdots on input line 467.
\Mathstrutbox@=\box58
\strutbox@=\box59
\big@size=\dimen131
LaTeX Font Info:    Redeclaring font encoding OML on input line 567.
LaTeX Font Info:    Redeclaring font encoding OMS on input line 568.
\macc@depth=\count149
\c@MaxMatrixCols=\count150
\dotsspace@=\muskip11
\c@parentequation=\count151
\dspbrk@lvl=\count152
\tag@help=\toks26
\row@=\count153
\column@=\count154
\maxfields@=\count155
\andhelp@=\toks27
\eqnshift@=\dimen132
\alignsep@=\dimen133
\tagshift@=\dimen134
\tagwidth@=\dimen135
\totwidth@=\dimen136
\lineht@=\dimen137
\@envbody=\toks28
\multlinegap=\skip77
\multlinetaggap=\skip78
\mathdisplay@stack=\toks29
LaTeX Info: Redefining \[ on input line 2666.
LaTeX Info: Redefining \] on input line 2667.
)
(/usr/share/texmf/tex/latex/titlesec/titlesec.sty
Package: titlesec 2005/01/22 v2.6 Sectioning titles
\ttl@box=\box60
\beforetitleunit=\skip79
\aftertitleunit=\skip80
\ttl@plus=\dimen138
\ttl@minus=\dimen139
\titlewidth=\dimen140
\titlewidthlast=\dimen141
\titlewidthfirst=\dimen142
)
(/usr/share/texmf/tex/latex/enumitem/enumitem.sty
Package: enumitem 2005/05/12 v1.1 Customized lists
\labelindent=\skip81
\enit@outerparindent=\dimen143
)
(/usr/share/texmf/tex/latex/comment/comment.sty
\CommentStream=\write4
 Excluding comment 'comment')
(/usr/share/texmf/tex/latex/pgf/frontendlayer/tikz.sty
(/usr/share/texmf/tex/latex/pgf/basiclayer/pgf.sty
(/usr/share/texmf/tex/latex/pgf/utilities/pgfrcs.sty
(/usr/share/texmf/tex/generic/pgf/utilities/pgfutil-common.tex)
(/usr/share/texmf/tex/generic/pgf/utilities/pgfutil-latex.def)
(/usr/share/texmf/tex/generic/pgf/utilities/pgfrcs.code.tex
Package: pgfrcs 2006/10/26 v1.10 (rcs-revision 1.14)
))
Package: pgf 2006/10/11 v1.10 (rcs-revision 1.7)

(/usr/share/texmf/tex/latex/pgf/basiclayer/pgfcore.sty
(/usr/share/texmf/tex/latex/pgf/systemlayer/pgfsys.sty
(/usr/share/texmf/tex/generic/pgf/systemlayer/pgfsys.code.tex
Package: pgfsys 2006/10/16 v1.10 (rcs-revision 1.19)
\pgf@x=\dimen144
\pgf@y=\dimen145
\pgf@xa=\dimen146
\pgf@ya=\dimen147
\pgf@xb=\dimen148
\pgf@yb=\dimen149
\pgf@xc=\dimen150
\pgf@yc=\dimen151

(/usr/share/texmf/tex/generic/pgf/systemlayer/pgf.cfg
File: pgf.cfg 2006/10/11  (rcs-revision 1.2)
)
Package pgfsys Info: Driver file for pgf: pgfsys-pdftex.def on input line 845.

(/usr/share/texmf/tex/generic/pgf/systemlayer/pgfsys-pdftex.def
File: pgfsys-pdftex.def 2006/10/23  (rcs-revision 1.14)

(/usr/share/texmf/tex/generic/pgf/systemlayer/pgfsys-common-pdf.def
File: pgfsys-common-pdf.def 2006/10/16  (rcs-revision 1.7)
)))
(/usr/share/texmf/tex/generic/pgf/systemlayer/pgfsyssoftpath.code.tex
File: pgfsyssoftpath.code.tex 2006/10/16  (rcs-revision 1.4)
)
(/usr/share/texmf/tex/generic/pgf/systemlayer/pgfsysprotocol.code.tex
File: pgfsysprotocol.code.tex 2006/10/16  (rcs-revision 1.4)
))
(/usr/share/texmf/tex/generic/pgf/basiclayer/pgfcore.code.tex
Package: pgfcore 2006/10/11 v1.10 (rcs-revision 1.4)

(/usr/share/texmf/tex/generic/pgf/basiclayer/pgfcoremath.code.tex
File: pgfcoremath.code.tex 2006/10/15  (rcs-revision 1.3)
\c@pgf@counta=\count156
\c@pgf@countb=\count157
\c@pgf@countc=\count158
\c@pgf@countd=\count159
)
(/usr/share/texmf/tex/generic/pgf/basiclayer/pgfcorepoints.code.tex
File: pgfcorepoints.code.tex 2006/10/16  (rcs-revision 1.7)
\pgf@picminx=\dimen152
\pgf@picmaxx=\dimen153
\pgf@picminy=\dimen154
\pgf@picmaxy=\dimen155
\pgf@pathminx=\dimen156
\pgf@pathmaxx=\dimen157
\pgf@pathminy=\dimen158
\pgf@pathmaxy=\dimen159
\pgf@tempdim=\dimen160
\c@pgf@tempcount=\count160
\pgf@xx=\dimen161
\pgf@xy=\dimen162
\pgf@yx=\dimen163
\pgf@yy=\dimen164
\pgf@zx=\dimen165
\pgf@zy=\dimen166
)
(/usr/share/texmf/tex/generic/pgf/basiclayer/pgfcorepathconstruct.code.tex
File: pgfcorepathconstruct.code.tex 2006/10/16  (rcs-revision 1.6)
\pgf@path@lastx=\dimen167
\pgf@path@lasty=\dimen168
)
(/usr/share/texmf/tex/generic/pgf/basiclayer/pgfcorepathusage.code.tex
File: pgfcorepathusage.code.tex 2006/10/16  (rcs-revision 1.7)
\pgf@shorten@end@additional=\dimen169
\pgf@shorten@start@additional=\dimen170
)
(/usr/share/texmf/tex/generic/pgf/basiclayer/pgfcorescopes.code.tex
File: pgfcorescopes.code.tex 2006/10/23  (rcs-revision 1.20)
\pgfpic=\box61
\pgf@hbox=\box62
\pgf@layerbox@main=\box63
\pgf@picture@serial@count=\count161
)
(/usr/share/texmf/tex/generic/pgf/basiclayer/pgfcoregraphicstate.code.tex
File: pgfcoregraphicstate.code.tex 2006/10/16  (rcs-revision 1.6)
\pgflinewidth=\dimen171
)
(/usr/share/texmf/tex/generic/pgf/basiclayer/pgfcoretransformations.code.tex
File: pgfcoretransformations.code.tex 2006/10/11  (rcs-revision 1.4)
\pgf@pt@x=\dimen172
\pgf@pt@y=\dimen173
\pgf@pt@temp=\dimen174
)
(/usr/share/texmf/tex/generic/pgf/basiclayer/pgfcorequick.code.tex
File: pgfcorequick.code.tex 2006/10/11  (rcs-revision 1.2)
)
(/usr/share/texmf/tex/generic/pgf/basiclayer/pgfcoreobjects.code.tex
File: pgfcoreobjects.code.tex 2006/10/11  (rcs-revision 1.2)
)
(/usr/share/texmf/tex/generic/pgf/basiclayer/pgfcorepathprocessing.code.tex
File: pgfcorepathprocessing.code.tex 2006/10/16  (rcs-revision 1.5)
)
(/usr/share/texmf/tex/generic/pgf/basiclayer/pgfcorearrows.code.tex
File: pgfcorearrows.code.tex 2006/10/16  (rcs-revision 1.6)
)
(/usr/share/texmf/tex/generic/pgf/basiclayer/pgfcoreshade.code.tex
File: pgfcoreshade.code.tex 2006/10/16  (rcs-revision 1.7)
\pgf@max=\dimen175
\pgf@sys@shading@range@num=\count162
)))
(/usr/share/texmf/tex/latex/pgf/basiclayer/pgfbaseshapes.sty
(/usr/share/texmf/tex/generic/pgf/basiclayer/pgfbaseshapes.code.tex
Package: pgfbaseshapes 2006/10/16 v1.10 (rcs-revision 1.16)
\pgfnodeparttextbox=\box64
))
(/usr/share/texmf/tex/latex/pgf/basiclayer/pgfbaseplot.sty
(/usr/share/texmf/tex/generic/pgf/basiclayer/pgfbaseplot.code.tex
Package: pgfbaseplot 2006/10/16 v1.10 (rcs-revision 1.5)
\pgf@plotwrite=\write5
))
(/usr/share/texmf/tex/latex/pgf/basiclayer/pgfbaseimage.sty
(/usr/share/texmf/tex/generic/pgf/basiclayer/pgfbaseimage.code.tex
Package: pgfbaseimage 2006/10/16 v1.10 (rcs-revision 1.5)
))
(/usr/share/texmf/tex/latex/pgf/basiclayer/pgfbaselayers.sty
(/usr/share/texmf/tex/generic/pgf/basiclayer/pgfbaselayers.code.tex
Package: pgfbaselayers 2006/10/16 v1.10 (rcs-revision 1.5)
))
(/usr/share/texmf/tex/latex/pgf/basiclayer/pgfbasesnakes.sty
(/usr/share/texmf/tex/generic/pgf/basiclayer/pgfbasesnakes.code.tex
Package: pgfbasesnakes 2006/10/16 v1.10 (rcs-revision 1.10)
\pgfsnakeremainingdistance=\dimen176
\pgfsnakecompleteddistance=\dimen177
))
(/usr/share/texmf/tex/latex/pgf/basiclayer/pgfbasepatterns.sty
(/usr/share/texmf/tex/generic/pgf/basiclayer/pgfbasepatterns.code.tex
Package: pgfbasepatterns 2006/10/16 v1.10 (rcs-revision 1.9)
))
(/usr/share/texmf/tex/latex/pgf/compatibility/pgfcomp-version-0-65.sty
Package: pgfcomp-version-0-65 2006/10/11 v1.10 (rcs-revision 1.4)
\pgf@nodesepstart=\dimen178
\pgf@nodesepend=\dimen179
))
(/usr/share/texmf/tex/latex/tools/calc.sty
Package: calc 2005/08/06 v4.2 Infix arithmetic (KKT,FJ)
\calc@Acount=\count163
\calc@Bcount=\count164
\calc@Adimen=\dimen180
\calc@Bdimen=\dimen181
\calc@Askip=\skip82
\calc@Bskip=\skip83
LaTeX Info: Redefining \setlength on input line 75.
LaTeX Info: Redefining \addtolength on input line 76.
\calc@Ccount=\count165
\calc@Cskip=\skip84
)
(/usr/share/texmf/tex/latex/pgf/utilities/pgffor.sty
(/usr/share/texmf/tex/generic/pgf/utilities/pgffor.code.tex
Package: pgffor 2006/10/16 v1.10 (rcs-revision 1.5)
\pgffor@iter=\dimen182
\pgffor@skip=\dimen183
))
(/usr/share/texmf/tex/latex/xkeyval/xkeyval.sty
Package: xkeyval 2006/11/18 v2.5f package option processing (HA)

(/usr/share/texmf/tex/latex/xkeyval/xkeyval.tex
\XKV@toks=\toks30
\XKV@depth=\count166
File: xkeyval.tex 2006/11/18 v2.5f key=value parser (HA)
))
(/usr/share/texmf/tex/generic/pgf/frontendlayer/tikz.code.tex
Package: tikz 2006/10/17 v1.10 (rcs-revision 1.68)

(/usr/share/texmf/tex/generic/pgf/libraries/pgflibraryplothandlers.code.tex
File: pgflibraryplothandlers.code.tex 2006/10/16 v1.10 (rcs-revision 1.8)
\pgf@plot@mark@count=\count167
\pgfplotmarksize=\dimen184
)
\tikz@lastx=\dimen185
\tikz@lasty=\dimen186
\tikz@lastxsaved=\dimen187
\tikz@lastysaved=\dimen188
\tikzleveldistance=\dimen189
\tikzsiblingdistance=\dimen190
\tikz@figbox=\box65
\tikz@tempbox=\box66
\tikztreelevel=\count168
\tikznumberofchildren=\count169
\tikznumberofcurrentchild=\count170
\tikz@fig@count=\count171
\tikz@expandcount=\count172

(/usr/share/texmf/tex/generic/pgf/libraries/pgflibrarytikztopaths.code.tex
File: pgflibrarytikztopaths.code.tex 2006/10/16 v1.10 (rcs-revision 1.5)
)))
(/usr/share/texmf/tex/latex/marginnote/marginnote.sty
Package: marginnote 2006/10/26 v1.1 non floating margin notes for LaTeX
\c@mn@abspage=\count173
)
Package hyperref Info: Option `colorlinks' set `true' on input line 159.
Class revtex4-1 Info: Unrecognized array package. Please update this document c
lass! (Proceeding with fingers crossed.) on input line 163.
Class revtex4-1 Info: Repairing hyperref 6.75r \href on input line 163.
Class revtex4-1 Info: Patching unrecognized longtable package. (Proceeding with
 fingers crossed) on input line 163.
Class revtex4-1 Info: Robustifying \LaTeX's \boldmath command on input line 163
.
Class revtex4-1 Info: cite was not loaded (OK!) on input line 163.
Class revtex4-1 Info: mcite was not loaded (OK!) on input line 163.
Class revtex4-1 Info: multicol was not loaded (OK!) on input line 163.
 (./Dissertation.aux
(./introduction.aux) (./background.aux) (./methods.aux) (./phase1.aux)
(./appendix.aux))
\openout1 = `Dissertation.aux'.

LaTeX Font Info:    Checking defaults for OML/cmm/m/it on input line 163.
LaTeX Font Info:    ... okay on input line 163.
LaTeX Font Info:    Checking defaults for T1/cmr/m/n on input line 163.
LaTeX Font Info:    ... okay on input line 163.
LaTeX Font Info:    Checking defaults for OT1/cmr/m/n on input line 163.
LaTeX Font Info:    ... okay on input line 163.
LaTeX Font Info:    Checking defaults for OMS/cmsy/m/n on input line 163.
LaTeX Font Info:    ... okay on input line 163.
LaTeX Font Info:    Checking defaults for OMX/cmex/m/n on input line 163.
LaTeX Font Info:    ... okay on input line 163.
LaTeX Font Info:    Checking defaults for U/cmr/m/n on input line 163.
LaTeX Font Info:    ... okay on input line 163.
LaTeX Font Info:    Checking defaults for PD1/pdf/m/n on input line 163.
LaTeX Font Info:    ... okay on input line 163.
Package hyperref Info: Link coloring ON on input line 163.
 (/usr/share/texmf/tex/latex/hyperref/nameref.sty
Package: nameref 2006/12/27 v2.28 Cross-referencing by name of section

(/usr/share/texmf/tex/latex/oberdiek/refcount.sty
Package: refcount 2006/02/20 v3.0 Data extraction from references (HO)
)
\c@section@level=\count174
)
LaTeX Info: Redefining \ref on input line 163.
LaTeX Info: Redefining \pageref on input line 163.
LaTeX Info: Redefining \selectfont on input line 163.
Package marginnote Info: \pdfoutput not 0 and \pdflastxpos available.
(marginnote)             Extended possition detection mode activated.
 (./title.tex)
(./abstract.tex) [1{/var/lib/texmf/fonts/map/pdftex/updmap/pdftex.map}]

LaTeX Font Warning: Font shape `T1/cmr/m/n' in size <16> not available
(Font)              size <17.28> substituted on input line 199.


LaTeX Font Warning: Font shape `T1/cmr/bx/n' in size <16> not available
(Font)              size <17.28> substituted on input line 199.


LaTeX Font Warning: Font shape `T1/cmr/bx/sc' in size <16> not available
(Font)              size <17.28> substituted on input line 199.

(./Dissertation.toc
LaTeX Font Info:    Try loading font information for U+lasy on input line 7.
 (/usr/share/texmf/tex/latex/base/ulasy.fd
File: ulasy.fd 1998/08/17 v2.2e LaTeX symbol font definitions
)
LaTeX Font Info:    Try loading font information for U+msa on input line 7.

(/usr/share/texmf/tex/latex/amsfonts/umsa.fd
File: umsa.fd 2002/01/19 v2.2g AMS font definitions
)
LaTeX Font Info:    Try loading font information for U+msb on input line 7.

(/usr/share/texmf/tex/latex/amsfonts/umsb.fd
File: umsb.fd 2002/01/19 v2.2g AMS font definitions
))
\tf@toc=\write6
\openout6 = `Dissertation.toc'.

 [2]
\openout2 = `introduction.aux'.

 (./introduction.tex

Package hyperref Warning: No destination for bookmark of \addcontentsline,
(hyperref)                destination is added on input line 1.

pdfTeX warning (ext4): destination with the same identifier (name{page.1}) has 
been already used, duplicate ignored
<to be read again> 
                   \relax 
l.56     \item \textbf
                      {Apply the techniques from the previous two phases to ...
[1]pdfTeX warning (ext4): destination with the same identifier (name{page.2}) h
as been already used, duplicate ignored
<to be read again> 
                   \relax 
l.88 
      [2]
LaTeX Font Info:    Try loading font information for T1+cmss on input line 92.
 (/usr/share/texmf/tex/latex/base/t1cmss.fd
File: t1cmss.fd 1999/05/25 v2.5h Standard LaTeX font definitions
)
LaTeX Font Info:    Try loading font information for OMS+cmr on input line 107.


(/usr/share/texmf/tex/latex/base/omscmr.fd
File: omscmr.fd 1999/05/25 v2.5h Standard LaTeX font definitions
)
LaTeX Font Info:    Font shape `OMS/cmr/m/n' in size <12> not available
(Font)              Font shape `OMS/cmsy/m/n' tried instead on input line 107.
 [3]) [4]
\openout2 = `background.aux'.

 (./background.tex
Package marginnote Info: Margin note 7.1 is on absolute page 7
(marginnote)              on input line 7.
Package marginnote Info: xpos seams to be 5920357sp,
(marginnote)             \marginnoterightadjust ignored on input line 7.
 [5]

LaTeX Font Warning: Font shape `T1/cmr/m/n' in size <13> not available
(Font)              size <12> substituted on input line 68.


LaTeX Font Warning: Font shape `T1/cmr/bx/n' in size <13> not available
(Font)              size <12> substituted on input line 68.


LaTeX Font Warning: Font shape `T1/cmr/bx/it' in size <13> not available
(Font)              size <12> substituted on input line 68.

LaTeX Font Info:    Calculating math sizes for size <13> on input line 68.

LaTeX Font Warning: Font shape `OT1/cmr/m/n' in size <13> not available
(Font)              size <12> substituted on input line 68.


LaTeX Font Warning: Font shape `OT1/cmr/m/n' in size <6.5> not available
(Font)              size <6> substituted on input line 68.


LaTeX Font Warning: Font shape `OML/cmm/m/it' in size <13> not available
(Font)              size <12> substituted on input line 68.


LaTeX Font Warning: Font shape `OML/cmm/m/it' in size <6.5> not available
(Font)              size <6> substituted on input line 68.


LaTeX Font Warning: Font shape `OMS/cmsy/m/n' in size <13> not available
(Font)              size <12> substituted on input line 68.


LaTeX Font Warning: Font shape `OMS/cmsy/m/n' in size <6.5> not available
(Font)              size <6> substituted on input line 68.


LaTeX Font Warning: Font shape `OMX/cmex/m/n' in size <13> not available
(Font)              size <12> substituted on input line 68.


LaTeX Font Warning: Font shape `U/lasy/m/n' in size <13> not available
(Font)              size <12> substituted on input line 68.


LaTeX Font Warning: Font shape `U/lasy/m/n' in size <6.5> not available
(Font)              size <6> substituted on input line 68.


LaTeX Font Warning: Font shape `U/msa/m/n' in size <13> not available
(Font)              size <12> substituted on input line 68.


LaTeX Font Warning: Font shape `U/msa/m/n' in size <6.5> not available
(Font)              size <6> substituted on input line 68.


LaTeX Font Warning: Font shape `U/msb/m/n' in size <13> not available
(Font)              size <12> substituted on input line 68.


LaTeX Font Warning: Font shape `U/msb/m/n' in size <6.5> not available
(Font)              size <6> substituted on input line 68.

[6] [7]
Package marginnote Info: Margin note 10.1 is on absolute page 10
(marginnote)              on input line 207.
Package marginnote Info: xpos seams to be 5920357sp,
(marginnote)             \marginnoteleftadjust ignored on input line 207.
 [8] [9]
Package marginnote Info: Margin note 12.1 is on absolute page 12
(marginnote)              on input line 286.
Package marginnote Info: xpos seams to be 5920357sp,
(marginnote)             \marginnoteleftadjust ignored on input line 286.


Package natbib Warning: Citation `Felipe2010; Bogdan2006 p. 323' on page 10 und
efined on input line 304.

Package marginnote Info: Margin note 12.2 is on absolute page 13
(marginnote)              on input line 351.
Package marginnote Info: xpos seams to be 5920357sp,
(marginnote)             \marginnoterightadjust ignored on input line 351.
[10] [11]
Underfull \vbox (badness 2717) detected at line 481
 []

[12] (./flares.tex [13] [14] [15]
LaTeX Font Info:    Try loading font information for T1+cmtt on input line 131.

 (/usr/share/texmf/tex/latex/base/t1cmtt.fd
File: t1cmtt.fd 1999/05/25 v2.5h Standard LaTeX font definitions
)
[16]
Package marginnote Info: Margin note 19.1 is on absolute page 19
(marginnote)              on input line 208.
Package marginnote Info: xpos seams to be 5920357sp,
(marginnote)             \marginnoterightadjust ignored on input line 208.
 [17]
Missing character: There is no â in font cmr8!
Missing character: There is no ˆ in font cmr8!
Missing character: There is no ’ in font cmr8!
Missing character: There is no â in font cmr8!
Missing character: There is no ˆ in font cmr8!
Missing character: There is no ’ in font cmr8!
Missing character: There is no â in font cmr8!
Missing character: There is no ˆ in font cmr8!
Missing character: There is no ’ in font cmr8!
Missing character: There is no â in font cmr8!
Missing character: There is no ˆ in font cmr8!
Missing character: There is no ’ in font cmr8!
Missing character: There is no â in font cmr8!
Missing character: There is no ˆ in font cmr8!
Missing character: There is no ’ in font cmr8!
Missing character: There is no â in font cmr8!
Missing character: There is no ˆ in font cmr8!
Missing character: There is no ’ in font cmr8!
Missing character: There is no â in font cmr8!
Missing character: There is no ˆ in font cmr8!
Missing character: There is no ’ in font cmr8!
Missing character: There is no â in font cmr8!
Missing character: There is no ˆ in font cmr8!
Missing character: There is no ’ in font cmr8!
Missing character: There is no â in font cmr12!
Missing character: There is no ˆ in font cmr12!
Missing character: There is no ’ in font cmr12!
)) [18
\@writefile{toc}{\contentsline {subsection}{Flare classes}{18}{equation.3}}
]
\openout2 = `methods.aux'.

 (./methods.tex (./sdo.tex

Package natbib Warning: Citation `hmi' on page 19 undefined on input line 60.

[19])) [20
\@writefile{toc}{\contentsline {section}{Data reduction and analysis}{20}{equat
ion.3}}
\@writefile{toc}{\contentsline {subsection}{Alignment}{20}{equation.3}}
\@writefile{toc}{\contentsline {subsection}{Saturation}{20}{equation.3}}
\@writefile{toc}{\contentsline {subsection}{Analysis methods}{20}{equation.3}}
]
\openout2 = `phase1.aux'.

 (./phase1.tex
<$HOME/Dropbox/Figures/images.pdf, id=307, 578.16pt x 361.35pt>
File: $HOME/Dropbox/Figures/images.pdf Graphic file (type pdf)

<use $HOME/Dropbox/Figures/images.pdf>
File: $HOME/Dropbox/Figures/images.pdf Graphic file (type pdf)
 <use $HOME/Dropbox/Figures/images.pdf>
<$HOME/Figures/hmi_label_sunspots_20190124.pdf, id=308, 328.22626pt x 226.59656
pt>
File: $HOME/Figures/hmi_label_sunspots_20190124.pdf Graphic file (type pdf)
 <use $HOME/Figures/hmi_label_sunspots_20190124.pdf>
<$HOME/Dropbox/Figures/lc.pdf, id=309, 578.16pt x 216.81pt>
File: $HOME/Dropbox/Figures/lc.pdf Graphic file (type pdf)

<use $HOME/Dropbox/Figures/lc.pdf>
<$HOME/Dropbox/Figures/Lightcurves/lc_log_20181128.pdf, id=310, 578.16pt x 216.
81pt>
File: $HOME/Dropbox/Figures/Lightcurves/lc_log_20181128.pdf Graphic file (type 
pdf)
 <use $HOME/Dropbox/Figures/Lightcurves/lc_log_20181128.pdf>
<$HOME/Figures/lc_goes_20190124.pdf, id=311, 578.16pt x 252.945pt>
File: $HOME/Figures/lc_goes_20190124.pdf Graphic file (type pdf)

<use $HOME/Figures/lc_goes_20190124.pdf> [21] [22 </home/users/laurel07/Dropbox
/Figures/images.pdf>] [23 </home/users/laurel07/Figures/hmi_label_sunspots_2019
0124.pdf>]
<$HOME/Dropbox/Figures/Lightcurves/detrendedLC_20181202.pdf, id=351, 578.16pt x
 180.675pt>
File: $HOME/Dropbox/Figures/Lightcurves/detrendedLC_20181202.pdf Graphic file (
type pdf)
 <use $HOME/Dropbox/Figures/Lightcurves/detrendedLC_20181202.pdf>
[24 </home/users/laurel07/Dropbox/Figures/lc.pdf> </home/users/laurel07/Dropbox
/Figures/Lightcurves/lc_log_20181128.pdf> </home/users/laurel07/Figures/lc_goes
_20190124.pdf>]
<$HOME/Dropbox/Figures/detrended_20181201.pdf, id=371, 578.16pt x 216.81pt>
File: $HOME/Dropbox/Figures/detrended_20181201.pdf Graphic file (type pdf)

<use $HOME/Dropbox/Figures/detrended_20181201.pdf> [25 </home/users/laurel07/Dr
opbox/Figures/Lightcurves/detrendedLC_20181202.pdf> </home/users/laurel07/Dropb
ox/Figures/detrended_20181201.pdf>]
<$HOME/Dropbox/Figures/aia1600maps_before.pdf, id=389, 578.16pt x 246.1697pt>
File: $HOME/Dropbox/Figures/aia1600maps_before.pdf Graphic file (type pdf)

<use $HOME/Dropbox/Figures/aia1600maps_before.pdf>
<$HOME/Dropbox/Figures/aia1700maps_before.pdf, id=390, 578.16pt x 246.1697pt>
File: $HOME/Dropbox/Figures/aia1700maps_before.pdf Graphic file (type pdf)

<use $HOME/Dropbox/Figures/aia1700maps_before.pdf>
<$HOME/Dropbox/Figures/lc_before.pdf, id=391, 578.16pt x 198.7425pt>
File: $HOME/Dropbox/Figures/lc_before.pdf Graphic file (type pdf)

<use $HOME/Dropbox/Figures/lc_before.pdf>
<$HOME/Dropbox/Figures/aia1600maps_during.pdf, id=394, 578.16pt x 246.1697pt>
File: $HOME/Dropbox/Figures/aia1600maps_during.pdf Graphic file (type pdf)

<use $HOME/Dropbox/Figures/aia1600maps_during.pdf>
<$HOME/Dropbox/Figures/aia1700maps_during.pdf, id=395, 578.16pt x 246.1697pt>
File: $HOME/Dropbox/Figures/aia1700maps_during.pdf Graphic file (type pdf)

<use $HOME/Dropbox/Figures/aia1700maps_during.pdf>
<$HOME/Dropbox/Figures/lc_during.pdf, id=396, 578.16pt x 198.7425pt>
File: $HOME/Dropbox/Figures/lc_during.pdf Graphic file (type pdf)

<use $HOME/Dropbox/Figures/lc_during.pdf>
<$HOME/Dropbox/Figures/aia1600maps_after1.pdf, id=397, 578.16pt x 246.1697pt>
File: $HOME/Dropbox/Figures/aia1600maps_after1.pdf Graphic file (type pdf)

<use $HOME/Dropbox/Figures/aia1600maps_after1.pdf>
<$HOME/Dropbox/Figures/aia1700maps_after1.pdf, id=398, 578.16pt x 246.1697pt>
File: $HOME/Dropbox/Figures/aia1700maps_after1.pdf Graphic file (type pdf)

<use $HOME/Dropbox/Figures/aia1700maps_after1.pdf>
<$HOME/Dropbox/Figures/lc_after1.pdf, id=399, 578.16pt x 198.7425pt>
File: $HOME/Dropbox/Figures/lc_after1.pdf Graphic file (type pdf)

<use $HOME/Dropbox/Figures/lc_after1.pdf>
<$HOME/Dropbox/Figures/aia1600maps_after2.pdf, id=400, 578.16pt x 246.1697pt>
File: $HOME/Dropbox/Figures/aia1600maps_after2.pdf Graphic file (type pdf)

<use $HOME/Dropbox/Figures/aia1600maps_after2.pdf>
<$HOME/Dropbox/Figures/aia1700maps_after2.pdf, id=401, 578.16pt x 246.1697pt>
File: $HOME/Dropbox/Figures/aia1700maps_after2.pdf Graphic file (type pdf)

<use $HOME/Dropbox/Figures/aia1700maps_after2.pdf>
<$HOME/Dropbox/Figures/lc_after2.pdf, id=402, 578.16pt x 198.7425pt>
File: $HOME/Dropbox/Figures/lc_after2.pdf Graphic file (type pdf)

<use $HOME/Dropbox/Figures/lc_after2.pdf>
<$HOME/Dropbox/Figures/aia1600big_image.pdf, id=403, 289.08pt x 224.33812pt>
File: $HOME/Dropbox/Figures/aia1600big_image.pdf Graphic file (type pdf)

<use $HOME/Dropbox/Figures/aia1600big_image.pdf>
<$HOME/Dropbox/Figures/aia1700big_image.pdf, id=404, 289.08pt x 224.33812pt>
File: $HOME/Dropbox/Figures/aia1700big_image.pdf Graphic file (type pdf)

<use $HOME/Dropbox/Figures/aia1700big_image.pdf>
<$HOME/Dropbox/Figures/aia1600big_map.pdf, id=405, 289.08pt x 224.33812pt>
File: $HOME/Dropbox/Figures/aia1600big_map.pdf Graphic file (type pdf)

<use $HOME/Dropbox/Figures/aia1600big_map.pdf>
<$HOME/Dropbox/Figures/aia1700big_map.pdf, id=406, 289.08pt x 224.33812pt>
File: $HOME/Dropbox/Figures/aia1700big_map.pdf Graphic file (type pdf)

<use $HOME/Dropbox/Figures/aia1700big_map.pdf>
<$HOME/Dropbox/Figures/wa.pdf, id=407, 542.025pt x 650.43pt>
File: $HOME/Dropbox/Figures/wa.pdf Graphic file (type pdf)

<use $HOME/Dropbox/Figures/wa.pdf>
<$HOME/Dropbox/Figures/time-3minpower_flux.pdf, id=408, 578.16pt x 216.81pt>
File: $HOME/Dropbox/Figures/time-3minpower_flux.pdf Graphic file (type pdf)

<use $HOME/Dropbox/Figures/time-3minpower_flux.pdf>
<$HOME/Dropbox/Figures/time-3minpower_maps.pdf, id=409, 578.16pt x 216.81pt>
File: $HOME/Dropbox/Figures/time-3minpower_maps.pdf Graphic file (type pdf)

<use $HOME/Dropbox/Figures/time-3minpower_maps.pdf>
<$HOME/Dropbox/Figures/preflare.pdf, id=410, 433.62pt x 316.18124pt>
File: $HOME/Dropbox/Figures/preflare.pdf Graphic file (type pdf)

<use $HOME/Dropbox/Figures/preflare.pdf>
<$HOME/Dropbox/Figures/postflare.pdf, id=411, 433.62pt x 370.38374pt>
File: $HOME/Dropbox/Figures/postflare.pdf Graphic file (type pdf)

<use $HOME/Dropbox/Figures/postflare.pdf> [26] [27 </home/users/laurel07/Dropbo
x/Figures/aia1600maps_before.pdf> </home/users/laurel07/Dropbox/Figures/aia1700
maps_before.pdf> </home/users/laurel07/Dropbox/Figures/lc_before.pdf>] [28 </ho
me/users/laurel07/Dropbox/Figures/aia1600maps_during.pdf> </home/users/laurel07
/Dropbox/Figures/aia1700maps_during.pdf> </home/users/laurel07/Dropbox/Figures/
lc_during.pdf>] [29 </home/users/laurel07/Dropbox/Figures/aia1600maps_after1.pd
f> </home/users/laurel07/Dropbox/Figures/aia1700maps_after1.pdf> </home/users/l
aurel07/Dropbox/Figures/lc_after1.pdf>] [30 </home/users/laurel07/Dropbox/Figur
es/aia1600maps_after2.pdf> </home/users/laurel07/Dropbox/Figures/aia1700maps_af
ter2.pdf> </home/users/laurel07/Dropbox/Figures/lc_after2.pdf>] [31 </home/user
s/laurel07/Dropbox/Figures/aia1600big_image.pdf> </home/users/laurel07/Dropbox/
Figures/aia1700big_image.pdf> </home/users/laurel07/Dropbox/Figures/aia1600big_
map.pdf> </home/users/laurel07/Dropbox/Figures/aia1700big_map.pdf>] [32 </home/
users/laurel07/Dropbox/Figures/wa.pdf>] [33 </home/users/laurel07/Dropbox/Figur
es/time-3minpower_flux.pdf> </home/users/laurel07/Dropbox/Figures/time-3minpowe
r_maps.pdf>]) [34
\@writefile{toc}{\contentsline {subsection}{Conclusions}{34}{figure.13}}
 </home/users/laurel07/Dropbox/Figures/preflare.pdf> </home/users/laurel07/Drop
box/Figures/postflare.pdf>]
\openout2 = `appendix.aux'.

 (./appendix.tex (./cutoff.tex [35] [36] [37]
[38]) [39] [40] [41]

LaTeX Warning: Reference `norm_vs_not' on page 42 undefined on input line 210.

<$HOME/Dropbox/Figures/norm_vs_not.pdf, id=749, 542.025pt x 578.16pt>
File: $HOME/Dropbox/Figures/norm_vs_not.pdf Graphic file (type pdf)

<use $HOME/Dropbox/Figures/norm_vs_not.pdf>) [42
\@writefile{toc}{\contentsline {subsection}{Thermal and non-thermal energy}{42}
{Item.16}}
\@writefile{toc}{\contentsline {section}{Normalization of Power Spectrum}{42}{e
quation.18}}
] [43
\newlabel{norm_vs_not}{{14}{43}{\thesection \relax \relax }{figure.14}{}}
 </home/users/laurel07/Dropbox/Figures/norm_vs_not.pdf>] (./Dissertation.bbl
[44]) [45]

Package natbib Warning: There were undefined citations.

(./Dissertation.aux (./introduction.aux) (./background.aux) (./methods.aux)
(./phase1.aux) (./appendix.aux))

LaTeX Font Warning: Size substitutions with differences
(Font)              up to 1.28pt have occured.


LaTeX Warning: There were undefined references.

 ) 
Here is how much of TeX's memory you used:
 10928 strings out of 256214
 160472 string characters out of 1916999
 286738 words of memory out of 1500000
 13707 multiletter control sequences out of 10000+200000
 28006 words of font info for 72 fonts, out of 1200000 for 2000
 645 hyphenation exceptions out of 8191
 45i,10n,38p,2104b,553s stack positions out of 5000i,500n,6000p,200000b,15000s
 </home/users/laurel07/.texlive2007/texmf-var/fonts/pk/ljfour/jknappen/ec/ecb
x1095.600pk> </home/users/laurel07/.texlive2007/texmf-var/fonts/pk/ljfour/jknap
pen/ec/ectt1095.600pk> </home/users/laurel07/.texlive2007/texmf-var/fonts/pk/lj
four/jknappen/ec/ecrm1095.600pk> </home/users/laurel07/.texlive2007/texmf-var/f
onts/pk/ljfour/jknappen/ec/ecti1095.600pk> </home/users/laurel07/.texlive2007/t
exmf-var/fonts/pk/ljfour/jknappen/ec/ecsx1095.600pk> </home/users/laurel07/.tex
live2007/texmf-var/fonts/pk/ljfour/jknappen/ec/ecsi1000.600pk> </home/users/lau
rel07/.texlive2007/texmf-var/fonts/pk/ljfour/jknappen/ec/ecss1095.600pk> </home
/users/laurel07/.texlive2007/texmf-var/fonts/pk/ljfour/jknappen/ec/ecbi1200.600
pk> </home/users/laurel07/.texlive2007/texmf-var/fonts/pk/ljfour/jknappen/ec/ec
bx1200.600pk> </home/users/laurel07/.texlive2007/texmf-var/fonts/pk/ljfour/jkna
ppen/ec/ecti1200.600pk> </home/users/laurel07/.texlive2007/texmf-var/fonts/pk/l
jfour/jknappen/ec/ecxc1728.600pk> </home/users/laurel07/.texlive2007/texmf-var/
fonts/pk/ljfour/jknappen/ec/ecrm1200.600pk> </home/users/laurel07/.texlive2007/
texmf-var/fonts/pk/ljfour/jknappen/ec/ecrm1440.600pk> </home/users/laurel07/.te
xlive2007/texmf-var/fonts/pk/ljfour/jknappen/ec/ecrm1728.600pk> </home/users/la
urel07/.texlive2007/texmf-var/fonts/pk/ljfour/jknappen/ec/eccc2074.600pk></usr/
share/texmf/fonts/type1/bluesky/cm/cmex10.pfb></usr/share/texmf/fonts/type1/blu
esky/cm/cmmi10.pfb></usr/share/texmf/fonts/type1/bluesky/cm/cmmi12.pfb></usr/sh
are/texmf/fonts/type1/bluesky/cm/cmmi6.pfb></usr/share/texmf/fonts/type1/bluesk
y/cm/cmmi8.pfb></usr/share/texmf/fonts/type1/bluesky/cm/cmr10.pfb></usr/share/t
exmf/fonts/type1/bluesky/cm/cmr12.pfb></usr/share/texmf/fonts/type1/bluesky/cm/
cmr6.pfb></usr/share/texmf/fonts/type1/bluesky/cm/cmr8.pfb></usr/share/texmf/fo
nts/type1/bluesky/cm/cmsy10.pfb></usr/share/texmf/fonts/type1/bluesky/cm/cmsy6.
pfb></usr/share/texmf/fonts/type1/bluesky/cm/cmsy8.pfb></usr/share/texmf/fonts/
type1/bluesky/ams/msam10.pfb>
Output written on Dissertation.pdf (47 pages, 13912528 bytes).
PDF statistics:
 1872 PDF objects out of 2073 (max. 8388607)
 137 named destinations out of 1000 (max. 131072)
 162 words of extra memory for PDF output out of 10000 (max. 10000000)

